Using pre-set license
Built from '2021.2/staging' branch; Version is '2021.2.5f1 (4ec9a5e799f5) revision 5163429'; Using compiler version '192829333'; Build Type 'Release'
OS: 'Windows 10  (10.0.19044) 64bit CoreSingleLanguage' Language: 'ru' Physical Memory: 7549 MB
BatchMode: 1, IsHumanControllingUs: 0, StartBugReporterOnCrash: 0, Is64bit: 1, IsPro: 0

COMMAND LINE ARGUMENTS:
C:\Program Files\Unity\Hub\Editor\2021.2.5f1\Editor\Unity.exe
-adb2
-batchMode
-noUpm
-name
AssetImportWorker2
-projectPath
D:/New Unity Project/New Unity Project/1304Start
-logFile
Logs/AssetImportWorker2.log
-srvPort
56257
Successfully changed project path to: D:/New Unity Project/New Unity Project/1304Start
D:/New Unity Project/New Unity Project/1304Start
[UnityMemory] Configuration Parameters - Can be set up in boot.config
    "memorysetup-bucket-allocator-granularity=16"
    "memorysetup-bucket-allocator-bucket-count=8"
    "memorysetup-bucket-allocator-block-size=33554432"
    "memorysetup-bucket-allocator-block-count=8"
    "memorysetup-main-allocator-block-size=16777216"
    "memorysetup-thread-allocator-block-size=16777216"
    "memorysetup-gfx-main-allocator-block-size=16777216"
    "memorysetup-gfx-thread-allocator-block-size=16777216"
    "memorysetup-cache-allocator-block-size=4194304"
    "memorysetup-typetree-allocator-block-size=2097152"
    "memorysetup-profiler-bucket-allocator-granularity=16"
    "memorysetup-profiler-bucket-allocator-bucket-count=8"
    "memorysetup-profiler-bucket-allocator-block-size=33554432"
    "memorysetup-profiler-bucket-allocator-block-count=8"
    "memorysetup-profiler-allocator-block-size=16777216"
    "memorysetup-profiler-editor-allocator-block-size=1048576"
    "memorysetup-temp-allocator-size-main=16777216"
    "memorysetup-job-temp-allocator-block-size=2097152"
    "memorysetup-job-temp-allocator-block-size-background=1048576"
    "memorysetup-job-temp-allocator-reduction-small-platforms=262144"
    "memorysetup-temp-allocator-size-background-worker=32768"
    "memorysetup-temp-allocator-size-job-worker=262144"
    "memorysetup-temp-allocator-size-preload-manager=33554432"
    "memorysetup-temp-allocator-size-nav-mesh-worker=65536"
    "memorysetup-temp-allocator-size-audio-worker=65536"
    "memorysetup-temp-allocator-size-cloud-worker=32768"
    "memorysetup-temp-allocator-size-gi-baking-worker=262144"
    "memorysetup-temp-allocator-size-gfx=262144"
Refreshing native plugins compatible for Editor in 165.00 ms, found 4 plugins.
Preloading 0 native plugins for Editor in 0.00 ms.
Initialize engine version: 2021.2.5f1 (4ec9a5e799f5)
[Subsystems] Discovering subsystems at path C:/Program Files/Unity/Hub/Editor/2021.2.5f1/Editor/Data/Resources/UnitySubsystems
[Subsystems] Discovering subsystems at path D:/New Unity Project/New Unity Project/1304Start/Assets
GfxDevice: creating device client; threaded=0; jobified=0
Direct3D:
    Version:  Direct3D 11.0 [level 11.1]
    Renderer: AMD Radeon(TM) Graphics (ID=0x1636)
    Vendor:   ATI
    VRAM:     3774 MB
    Driver:   27.20.11022.14001
Initialize mono
Mono path[0] = 'C:/Program Files/Unity/Hub/Editor/2021.2.5f1/Editor/Data/Managed'
Mono path[1] = 'C:/Program Files/Unity/Hub/Editor/2021.2.5f1/Editor/Data/MonoBleedingEdge/lib/mono/unityjit-win32'
Mono config path = 'C:/Program Files/Unity/Hub/Editor/2021.2.5f1/Editor/Data/MonoBleedingEdge/etc'
Using monoOptions --debugger-agent=transport=dt_socket,embedding=1,server=y,suspend=n,address=127.0.0.1:56904
Begin MonoManager ReloadAssembly
Registering precompiled unity dll's ...
Register platform support module: C:/Program Files/Unity/Hub/Editor/2021.2.5f1/Editor/Data/PlaybackEngines/WindowsStandaloneSupport/UnityEditor.WindowsStandalone.Extensions.dll
Registered in 0.013467 seconds.
Native extension for WindowsStandalone target not found
Refreshing native plugins compatible for Editor in 165.62 ms, found 4 plugins.
Preloading 0 native plugins for Editor in 0.00 ms.
Mono: successfully reloaded assembly
- Completed reload, in  1.111 seconds
Domain Reload Profiling:
	ReloadAssembly (1112ms)
		BeginReloadAssembly (144ms)
			ExecutionOrderSort (0ms)
			DisableScriptedObjects (0ms)
			BackupInstance (0ms)
			ReleaseScriptingObjects (0ms)
			CreateAndSetChildDomain (1ms)
		EndReloadAssembly (814ms)
			LoadAssemblies (135ms)
			RebuildTransferFunctionScriptingTraits (0ms)
			SetupTypeCache (165ms)
			ReleaseScriptCaches (0ms)
			RebuildScriptCaches (44ms)
			SetupLoadedEditorAssemblies (496ms)
				LogAssemblyErrors (0ms)
				InitializePlatformSupportModulesInManaged (24ms)
				SetLoadedEditorAssemblies (0ms)
				RefreshPlugins (166ms)
				BeforeProcessingInitializeOnLoad (2ms)
				ProcessInitializeOnLoadAttributes (231ms)
				ProcessInitializeOnLoadMethodAttributes (72ms)
				AfterProcessingInitializeOnLoad (0ms)
				EditorAssembliesLoaded (0ms)
			ExecutionOrderSort2 (0ms)
			AwakeInstancesAfterBackupRestoration (0ms)
Platform modules already initialized, skipping
Registering precompiled user dll's ...
Registered in 0.018052 seconds.
Begin MonoManager ReloadAssembly
Symbol file LoadedFromMemory doesn't match image D:\New Unity Project\New Unity Project\1304Start\Library\PackageCache\com.unity.visualscripting@1.7.5\Editor\VisualScripting.Core\Dependencies\YamlDotNet\Unity.VisualScripting.YamlDotNet.dll
Symbol file LoadedFromMemory doesn't match image D:\New Unity Project\New Unity Project\1304Start\Library\PackageCache\com.unity.visualscripting@1.7.5\Editor\VisualScripting.Core\Dependencies\DotNetZip\Unity.VisualScripting.IonicZip.dll
Native extension for WindowsStandalone target not found
Refreshing native plugins compatible for Editor in 166.98 ms, found 4 plugins.
Preloading 0 native plugins for Editor in 0.00 ms.
Mono: successfully reloaded assembly
- Completed reload, in  3.649 seconds
Domain Reload Profiling:
	ReloadAssembly (3651ms)
		BeginReloadAssembly (297ms)
			ExecutionOrderSort (0ms)
			DisableScriptedObjects (10ms)
			BackupInstance (0ms)
			ReleaseScriptingObjects (0ms)
			CreateAndSetChildDomain (30ms)
		EndReloadAssembly (3161ms)
			LoadAssemblies (173ms)
			RebuildTransferFunctionScriptingTraits (0ms)
			SetupTypeCache (544ms)
			ReleaseScriptCaches (1ms)
			RebuildScriptCaches (127ms)
			SetupLoadedEditorAssemblies (1897ms)
				LogAssemblyErrors (0ms)
				InitializePlatformSupportModulesInManaged (23ms)
				SetLoadedEditorAssemblies (0ms)
				RefreshPlugins (167ms)
				BeforeProcessingInitializeOnLoad (181ms)
				ProcessInitializeOnLoadAttributes (1456ms)
				ProcessInitializeOnLoadMethodAttributes (51ms)
				AfterProcessingInitializeOnLoad (18ms)
				EditorAssembliesLoaded (0ms)
			ExecutionOrderSort2 (0ms)
			AwakeInstancesAfterBackupRestoration (8ms)
Platform modules already initialized, skipping
========================================================================
Worker process is ready to serve import requests
Launched and connected shader compiler UnityShaderCompiler.exe after 0.11 seconds
Refreshing native plugins compatible for Editor in 1.03 ms, found 4 plugins.
Preloading 0 native plugins for Editor in 0.00 ms.
Unloading 3914 Unused Serialized files (Serialized files now loaded: 0)
Unloading 37 unused Assets / (56.1 KB). Loaded Objects now: 4370.
Memory consumption went from 152.1 MB to 152.1 MB.
Total: 5.196600 ms (FindLiveObjects: 0.444700 ms CreateObjectMapping: 0.170500 ms MarkObjects: 4.429800 ms  DeleteObjects: 0.149800 ms)

AssetImportParameters requested are different than current active one (requested -> active):
  custom:video-decoder-ogg-theora: a1e56fd34408186e4bbccfd4996cb3dc -> 
  custom:container-muxer-webm: aa71ff27fc2769a1b78a27578f13a17b -> 
  custom:container-demuxer-webm: 4f35f7cbe854078d1ac9338744f61a02 -> 
  custom:video-encoder-webm-vp8: eb34c28f22e8b96e1ab97ce403110664 -> 
  custom:video-codec-MediaFoundation-h265: 746d11721c4dcdbdad8f713fa42b33f4 -> 
  custom:audio-encoder-webm-vorbis: bf7c407c2cedff20999df2af8eb42d56 -> 
  custom:framework-win-MediaFoundation: 216162199b28c13a410421893ffa2e32 -> 
  custom:container-demuxer-ogg: 62fdf1f143b41e24485cea50d1cbac27 -> 
  custom:video-decoder-webm-vp8: 9c59270c3fd7afecdb556c50c9e8de78 -> 
  custom:audio-decoder-ogg-vorbis: bf7c407c2cedff20999df2af8eb42d56 -> 
========================================================================
Received Import Request.
  Time since last request: 694249.788413 seconds.
  path: Assets/Sprites/Assets_75.asset
  artifactKey: Guid(4b50d9520b4ce9c4fa6f36faa2ebc0e4) Importer(815301076,1909f56bfc062723c751e8b465ee728b)
Start importing Assets/Sprites/Assets_75.asset using Guid(4b50d9520b4ce9c4fa6f36faa2ebc0e4) Importer(815301076,1909f56bfc062723c751e8b465ee728b)  -> (artifact id: '0e93f1052d0b44a8fe73b624443c53b6') in 0.092465 seconds 
========================================================================
Received Import Request.
  Time since last request: 0.000033 seconds.
  path: Assets/Sprites/Assets_85.asset
  artifactKey: Guid(a228e9b10b42e584bb86a039db0a912a) Importer(815301076,1909f56bfc062723c751e8b465ee728b)
Start importing Assets/Sprites/Assets_85.asset using Guid(a228e9b10b42e584bb86a039db0a912a) Importer(815301076,1909f56bfc062723c751e8b465ee728b)  -> (artifact id: '1990b4f48ac18e558f9dad9351edca4c') in 0.021332 seconds 
========================================================================
Received Import Request.
  Time since last request: 0.000026 seconds.
  path: Assets/Sprites/Assets_84.asset
  artifactKey: Guid(2a2cb139f8a255d44bf155ba032da6ad) Importer(815301076,1909f56bfc062723c751e8b465ee728b)
Start importing Assets/Sprites/Assets_84.asset using Guid(2a2cb139f8a255d44bf155ba032da6ad) Importer(815301076,1909f56bfc062723c751e8b465ee728b)  -> (artifact id: '1f2645f2dee019096e32951e954a976f') in 0.018159 seconds 
========================================================================
Received Import Request.
  Time since last request: 0.000024 seconds.
  path: Assets/Sprites/Assets_113.asset
  artifactKey: Guid(6b0cb0bf8939e9e47bf1e3bd7697c412) Importer(815301076,1909f56bfc062723c751e8b465ee728b)
Start importing Assets/Sprites/Assets_113.asset using Guid(6b0cb0bf8939e9e47bf1e3bd7697c412) Importer(815301076,1909f56bfc062723c751e8b465ee728b)  -> (artifact id: 'ac175b69bf77fb74662b92164cefdd94') in 0.018078 seconds 
========================================================================
Received Import Request.
  Time since last request: 0.000026 seconds.
  path: Assets/Sprites/Assets_73.asset
  artifactKey: Guid(67a16194f65d8a345a2fd0823f0eeefe) Importer(815301076,1909f56bfc062723c751e8b465ee728b)
Start importing Assets/Sprites/Assets_73.asset using Guid(67a16194f65d8a345a2fd0823f0eeefe) Importer(815301076,1909f56bfc062723c751e8b465ee728b)  -> (artifact id: 'a36f1ac657b31658a5cbb29fff744578') in 0.019112 seconds 
========================================================================
Received Import Request.
  Time since last request: 0.000029 seconds.
  path: Assets/Sprites/Assets_103.asset
  artifactKey: Guid(c76de8821914ea944ae5761aa8db0414) Importer(815301076,1909f56bfc062723c751e8b465ee728b)
Start importing Assets/Sprites/Assets_103.asset using Guid(c76de8821914ea944ae5761aa8db0414) Importer(815301076,1909f56bfc062723c751e8b465ee728b)  -> (artifact id: '8939d0fa3c6ec6026b4106bd011c1f20') in 0.016008 seconds 
========================================================================
Received Import Request.
  Time since last request: 0.000034 seconds.
  path: Assets/Sprites/Assets_109.asset
  artifactKey: Guid(926b46ba3457c024ab18db993e1476f5) Importer(815301076,1909f56bfc062723c751e8b465ee728b)
Start importing Assets/Sprites/Assets_109.asset using Guid(926b46ba3457c024ab18db993e1476f5) Importer(815301076,1909f56bfc062723c751e8b465ee728b)  -> (artifact id: '0fb3d6684d1e31851916b139f1eac102') in 0.015629 seconds 
========================================================================
Received Import Request.
  Time since last request: 0.000051 seconds.
  path: Assets/Sprites/Assets_71.asset
  artifactKey: Guid(9b975c0c20457fb40ad2dd2ae8249e49) Importer(815301076,1909f56bfc062723c751e8b465ee728b)
Start importing Assets/Sprites/Assets_71.asset using Guid(9b975c0c20457fb40ad2dd2ae8249e49) Importer(815301076,1909f56bfc062723c751e8b465ee728b)  -> (artifact id: '126834c57d371e2a28dc09662dde7768') in 0.015659 seconds 
========================================================================
Received Import Request.
  Time since last request: 0.000022 seconds.
  path: Assets/Sprites/Assets_96.asset
  artifactKey: Guid(a807c71f08c230d4a87cec0615b9f734) Importer(815301076,1909f56bfc062723c751e8b465ee728b)
Start importing Assets/Sprites/Assets_96.asset using Guid(a807c71f08c230d4a87cec0615b9f734) Importer(815301076,1909f56bfc062723c751e8b465ee728b)  -> (artifact id: '2db2f90b34d0c313bf3e38c185dd71ee') in 0.016385 seconds 
========================================================================
Received Import Request.
  Time since last request: 0.000025 seconds.
  path: Assets/Sprites/Assets_78.asset
  artifactKey: Guid(322e37f67733c3345a4782b160ff225a) Importer(815301076,1909f56bfc062723c751e8b465ee728b)
Start importing Assets/Sprites/Assets_78.asset using Guid(322e37f67733c3345a4782b160ff225a) Importer(815301076,1909f56bfc062723c751e8b465ee728b)  -> (artifact id: 'b48bb76a647e45719985163304272003') in 0.017603 seconds 
========================================================================
Received Import Request.
  Time since last request: 0.000021 seconds.
  path: Assets/Sprites/Assets_79.asset
  artifactKey: Guid(6a0d34315eecdd34cb88da135a06531a) Importer(815301076,1909f56bfc062723c751e8b465ee728b)
Start importing Assets/Sprites/Assets_79.asset using Guid(6a0d34315eecdd34cb88da135a06531a) Importer(815301076,1909f56bfc062723c751e8b465ee728b)  -> (artifact id: '8dca664c3e135455da0ed226e870ad11') in 0.017776 seconds 
========================================================================
Received Import Request.
  Time since last request: 0.000024 seconds.
  path: Assets/Sprites/Assets_80.asset
  artifactKey: Guid(d53c960e60dfcb445a2d86be98656f3e) Importer(815301076,1909f56bfc062723c751e8b465ee728b)
Start importing Assets/Sprites/Assets_80.asset using Guid(d53c960e60dfcb445a2d86be98656f3e) Importer(815301076,1909f56bfc062723c751e8b465ee728b)  -> (artifact id: '4f2bcf0d66c9ad58ef970431b45a7186') in 0.017327 seconds 
========================================================================
Received Import Request.
  Time since last request: 0.000026 seconds.
  path: Assets/Sprites/Assets_76.asset
  artifactKey: Guid(6c2580d6f88f4e54da3340af166d189a) Importer(815301076,1909f56bfc062723c751e8b465ee728b)
Start importing Assets/Sprites/Assets_76.asset using Guid(6c2580d6f88f4e54da3340af166d189a) Importer(815301076,1909f56bfc062723c751e8b465ee728b)  -> (artifact id: '450bc2485084b987c4887a4a16a2eb24') in 0.017804 seconds 
========================================================================
Received Import Request.
  Time since last request: 0.000046 seconds.
  path: Assets/Sprites/Assets_64.asset
  artifactKey: Guid(3cb4a268a53a17e4ea03fb7ec358a03d) Importer(815301076,1909f56bfc062723c751e8b465ee728b)
Start importing Assets/Sprites/Assets_64.asset using Guid(3cb4a268a53a17e4ea03fb7ec358a03d) Importer(815301076,1909f56bfc062723c751e8b465ee728b)  -> (artifact id: 'b345f4c1cb55033da512389a8d7e86bf') in 0.016158 seconds 
========================================================================
Received Import Request.
  Time since last request: 0.000047 seconds.
  path: Assets/Sprites/Assets_90.asset
  artifactKey: Guid(114da6615d87db14499fac251b77d3c3) Importer(815301076,1909f56bfc062723c751e8b465ee728b)
Start importing Assets/Sprites/Assets_90.asset using Guid(114da6615d87db14499fac251b77d3c3) Importer(815301076,1909f56bfc062723c751e8b465ee728b)  -> (artifact id: '0446ea689df43bb96ba16749f8294a54') in 0.021534 seconds 
